/*C3*/SET SCHEMA PUBLIC
DELETE FROM APIKEY WHERE ID=2007
COMMIT
DELETE FROM APIKEY WHERE ID=2008
COMMIT
DELETE FROM APIKEY WHERE ID=2009
COMMIT
DELETE FROM APIKEY WHERE ID=2010
COMMIT
DELETE FROM APIKEY WHERE ID=2011
COMMIT
INSERT INTO APIKEY VALUES(2012,'2021-11-10 11:22:37.679000','edb83a23-db6d-4f8d-959e-3ee0a162a3f5')
COMMIT
DISCONNECT
/*C2*/SET SCHEMA PUBLIC
INSERT INTO APIKEY VALUES(2013,'2021-11-10 11:23:37.697000','18c63b30-a8b2-4c34-9d0f-98d9e663f248')
COMMIT
INSERT INTO APIKEY VALUES(2014,'2021-11-10 11:24:37.710000','dd2dadaa-2738-4cb6-936d-aef3adc0b4e9')
COMMIT
INSERT INTO APIKEY VALUES(2015,'2021-11-10 11:25:37.719000','7c504e51-f901-4ab1-a81a-d8391adf7502')
COMMIT
INSERT INTO APIKEY VALUES(2016,'2021-11-10 11:26:37.732000','7013f5cd-f819-4011-9d00-c032ae8eca1e')
COMMIT
DELETE FROM APIKEY WHERE ID=2012
COMMIT
INSERT INTO APIKEY VALUES(2017,'2021-11-10 11:27:37.745000','e094334c-ff4e-4bbe-87bf-ef311e72a616')
COMMIT
